2022-01-30 15:48:27,909:INFO:PyCaret Supervised Module
2022-01-30 15:48:27,910:INFO:ML Usecase: classification
2022-01-30 15:48:27,910:INFO:version 2.3.6
2022-01-30 15:48:27,910:INFO:Initializing setup()
2022-01-30 15:48:27,911:INFO:setup(target=label, ml_usecase=classification, available_plots={'parameter': 'Hyperparameters', 'auc': 'AUC', 'confusion_matrix': 'Confusion Matrix', 'threshold': 'Threshold', 'pr': 'Precision Recall', 'error': 'Prediction Error', 'class_report': 'Class Report', 'rfe': 'Feature Selection', 'learning': 'Learning Curve', 'manifold': 'Manifold Learning', 'calibration': 'Calibration Curve', 'vc': 'Validation Curve', 'dimension': 'Dimensions', 'feature': 'Feature Importance', 'feature_all': 'Feature Importance (All)', 'boundary': 'Decision Boundary', 'lift': 'Lift Chart', 'gain': 'Gain Chart', 'tree': 'Decision Tree', 'ks': 'KS Statistic Plot'}, train_size=0.7, test_data=None, preprocess=True, imputation_type=simple, iterative_imputation_iters=5, categorical_features=None, categorical_imputation=constant, categorical_iterative_imputer=lightgbm, ordinal_features=None, high_cardinality_features=None, high_cardinality_method=frequency, numeric_features=None, numeric_imputation=mean, numeric_iterative_imputer=lightgbm, date_features=None, ignore_features=None, normalize=False, normalize_method=zscore, transformation=False, transformation_method=yeo-johnson, handle_unknown_categorical=True, unknown_categorical_method=least_frequent, pca=False, pca_method=linear, pca_components=None, ignore_low_variance=False, combine_rare_levels=False, rare_level_threshold=0.1, bin_numeric_features=None, remove_outliers=False, outliers_threshold=0.05, remove_multicollinearity=False, multicollinearity_threshold=0.9, remove_perfect_collinearity=True, create_clusters=False, cluster_iter=20, polynomial_features=False, polynomial_degree=2, trigonometry_features=False, polynomial_threshold=0.1, group_features=None, group_names=None, feature_selection=False, feature_selection_threshold=0.8, feature_selection_method=classic, feature_interaction=False, feature_ratio=False, interaction_threshold=0.01, fix_imbalance=False, fix_imbalance_method=None, transform_target=False, transform_target_method=box-cox, data_split_shuffle=True, data_split_stratify=False, fold_strategy=stratifiedkfold, fold=10, fold_shuffle=False, fold_groups=None, n_jobs=-1, use_gpu=False, custom_pipeline=None, html=True, session_id=None, log_experiment=False, experiment_name=None, log_plots=False, log_profile=False, log_data=False, silent=False, verbose=True, profile=False, profile_kwargs=None, display=None)
2022-01-30 15:48:28,256:INFO:Checking environment
2022-01-30 15:48:28,256:INFO:python_version: 3.8.1
2022-01-30 15:48:28,256:INFO:python_build: ('tags/v3.8.1:1b293b6', 'Dec 18 2019 23:11:46')
2022-01-30 15:48:28,256:INFO:machine: AMD64
2022-01-30 15:48:28,256:INFO:platform: Windows-10-10.0.22000-SP0
2022-01-30 15:48:28,257:WARNING:cannot find psutil installation. memory not traceable. Install psutil using pip to enable memory logging.
2022-01-30 15:48:28,257:INFO:Checking libraries
2022-01-30 15:48:28,257:INFO:pd==1.3.5
2022-01-30 15:48:28,257:INFO:numpy==1.22.1
2022-01-30 15:48:28,257:INFO:sklearn==0.23.2
2022-01-30 15:48:28,257:INFO:lightgbm==3.3.2
2022-01-30 15:48:28,258:WARNING:catboost not found
2022-01-30 15:48:28,258:WARNING:xgboost not found
2022-01-30 15:48:29,611:INFO:mlflow==1.23.1
2022-01-30 15:48:29,612:INFO:Checking Exceptions
2022-01-30 15:49:01,966:INFO:PyCaret Supervised Module
2022-01-30 15:49:01,966:INFO:ML Usecase: classification
2022-01-30 15:49:01,966:INFO:version 2.3.6
2022-01-30 15:49:01,966:INFO:Initializing setup()
2022-01-30 15:49:01,966:INFO:setup(target=Label, ml_usecase=classification, available_plots={'parameter': 'Hyperparameters', 'auc': 'AUC', 'confusion_matrix': 'Confusion Matrix', 'threshold': 'Threshold', 'pr': 'Precision Recall', 'error': 'Prediction Error', 'class_report': 'Class Report', 'rfe': 'Feature Selection', 'learning': 'Learning Curve', 'manifold': 'Manifold Learning', 'calibration': 'Calibration Curve', 'vc': 'Validation Curve', 'dimension': 'Dimensions', 'feature': 'Feature Importance', 'feature_all': 'Feature Importance (All)', 'boundary': 'Decision Boundary', 'lift': 'Lift Chart', 'gain': 'Gain Chart', 'tree': 'Decision Tree', 'ks': 'KS Statistic Plot'}, train_size=0.7, test_data=None, preprocess=True, imputation_type=simple, iterative_imputation_iters=5, categorical_features=None, categorical_imputation=constant, categorical_iterative_imputer=lightgbm, ordinal_features=None, high_cardinality_features=None, high_cardinality_method=frequency, numeric_features=None, numeric_imputation=mean, numeric_iterative_imputer=lightgbm, date_features=None, ignore_features=None, normalize=False, normalize_method=zscore, transformation=False, transformation_method=yeo-johnson, handle_unknown_categorical=True, unknown_categorical_method=least_frequent, pca=False, pca_method=linear, pca_components=None, ignore_low_variance=False, combine_rare_levels=False, rare_level_threshold=0.1, bin_numeric_features=None, remove_outliers=False, outliers_threshold=0.05, remove_multicollinearity=False, multicollinearity_threshold=0.9, remove_perfect_collinearity=True, create_clusters=False, cluster_iter=20, polynomial_features=False, polynomial_degree=2, trigonometry_features=False, polynomial_threshold=0.1, group_features=None, group_names=None, feature_selection=False, feature_selection_threshold=0.8, feature_selection_method=classic, feature_interaction=False, feature_ratio=False, interaction_threshold=0.01, fix_imbalance=False, fix_imbalance_method=None, transform_target=False, transform_target_method=box-cox, data_split_shuffle=True, data_split_stratify=False, fold_strategy=stratifiedkfold, fold=10, fold_shuffle=False, fold_groups=None, n_jobs=-1, use_gpu=False, custom_pipeline=None, html=True, session_id=None, log_experiment=False, experiment_name=None, log_plots=False, log_profile=False, log_data=False, silent=False, verbose=True, profile=False, profile_kwargs=None, display=None)
2022-01-30 15:49:02,296:INFO:Checking environment
2022-01-30 15:49:02,296:INFO:python_version: 3.8.1
2022-01-30 15:49:02,296:INFO:python_build: ('tags/v3.8.1:1b293b6', 'Dec 18 2019 23:11:46')
2022-01-30 15:49:02,296:INFO:machine: AMD64
2022-01-30 15:49:02,296:INFO:platform: Windows-10-10.0.22000-SP0
2022-01-30 15:49:02,296:WARNING:cannot find psutil installation. memory not traceable. Install psutil using pip to enable memory logging.
2022-01-30 15:49:02,296:INFO:Checking libraries
2022-01-30 15:49:02,296:INFO:pd==1.3.5
2022-01-30 15:49:02,296:INFO:numpy==1.22.1
2022-01-30 15:49:02,296:INFO:sklearn==0.23.2
2022-01-30 15:49:02,296:INFO:lightgbm==3.3.2
2022-01-30 15:49:02,296:WARNING:catboost not found
2022-01-30 15:49:02,296:WARNING:xgboost not found
2022-01-30 15:49:02,296:INFO:mlflow==1.23.1
2022-01-30 15:49:02,296:INFO:Checking Exceptions
2022-01-30 15:49:02,313:INFO:Declaring global variables
2022-01-30 15:49:02,315:INFO:USI: 461b
2022-01-30 15:49:02,315:INFO:pycaret_globals: {'_all_metrics', 'imputation_classifier', 'imputation_regressor', 'fold_generator', 'USI', 'stratify_param', 'fold_groups_param_full', 'exp_name_log', 'iterative_imputation_iters_param', 'experiment__', '_available_plots', 'X_test', 'gpu_param', 'X', 'fold_shuffle_param', 'fold_param', 'X_train', 'y_train', '_internal_pipeline', 'seed', 'display_container', 'create_model_container', 'logging_param', 'n_jobs_param', 'fold_groups_param', '_ml_usecase', 'y', 'target_param', 'transform_target_param', 'master_model_container', 'data_before_preprocess', 'fix_imbalance_method_param', 'transform_target_method_param', 'html_param', 'prep_pipe', 'log_plots_param', '_all_models', 'pycaret_globals', 'y_test', '_all_models_internal', 'fix_imbalance_param', '_gpu_n_jobs_param'}
2022-01-30 15:49:02,315:INFO:Preparing display monitor
2022-01-30 15:49:02,315:INFO:Preparing display monitor
2022-01-30 15:49:02,370:INFO:Importing libraries
2022-01-30 15:49:02,370:INFO:Copying data for preprocessing
2022-01-30 15:50:05,790:INFO:Declaring preprocessing parameters
2022-01-30 15:50:52,664:INFO:Creating preprocessing pipeline
2022-01-30 16:09:11,938:INFO:PyCaret Supervised Module
2022-01-30 16:09:11,951:INFO:ML Usecase: classification
2022-01-30 16:09:11,951:INFO:version 2.3.6
2022-01-30 16:09:11,952:INFO:Initializing setup()
2022-01-30 16:09:11,952:INFO:setup(target=Label, ml_usecase=classification, available_plots={'parameter': 'Hyperparameters', 'auc': 'AUC', 'confusion_matrix': 'Confusion Matrix', 'threshold': 'Threshold', 'pr': 'Precision Recall', 'error': 'Prediction Error', 'class_report': 'Class Report', 'rfe': 'Feature Selection', 'learning': 'Learning Curve', 'manifold': 'Manifold Learning', 'calibration': 'Calibration Curve', 'vc': 'Validation Curve', 'dimension': 'Dimensions', 'feature': 'Feature Importance', 'feature_all': 'Feature Importance (All)', 'boundary': 'Decision Boundary', 'lift': 'Lift Chart', 'gain': 'Gain Chart', 'tree': 'Decision Tree', 'ks': 'KS Statistic Plot'}, train_size=0.7, test_data=None, preprocess=True, imputation_type=simple, iterative_imputation_iters=5, categorical_features=None, categorical_imputation=constant, categorical_iterative_imputer=lightgbm, ordinal_features=None, high_cardinality_features=None, high_cardinality_method=frequency, numeric_features=None, numeric_imputation=mean, numeric_iterative_imputer=lightgbm, date_features=None, ignore_features=None, normalize=False, normalize_method=zscore, transformation=False, transformation_method=yeo-johnson, handle_unknown_categorical=True, unknown_categorical_method=least_frequent, pca=False, pca_method=linear, pca_components=None, ignore_low_variance=False, combine_rare_levels=False, rare_level_threshold=0.1, bin_numeric_features=None, remove_outliers=False, outliers_threshold=0.05, remove_multicollinearity=False, multicollinearity_threshold=0.9, remove_perfect_collinearity=True, create_clusters=False, cluster_iter=20, polynomial_features=False, polynomial_degree=2, trigonometry_features=False, polynomial_threshold=0.1, group_features=None, group_names=None, feature_selection=False, feature_selection_threshold=0.8, feature_selection_method=classic, feature_interaction=False, feature_ratio=False, interaction_threshold=0.01, fix_imbalance=False, fix_imbalance_method=None, transform_target=False, transform_target_method=box-cox, data_split_shuffle=True, data_split_stratify=False, fold_strategy=stratifiedkfold, fold=10, fold_shuffle=False, fold_groups=None, n_jobs=-1, use_gpu=False, custom_pipeline=None, html=True, session_id=None, log_experiment=False, experiment_name=None, log_plots=False, log_profile=False, log_data=False, silent=False, verbose=True, profile=False, profile_kwargs=None, display=None)
2022-01-30 16:09:11,952:INFO:Checking environment
2022-01-30 16:09:11,952:INFO:python_version: 3.8.1
2022-01-30 16:09:11,952:INFO:python_build: ('tags/v3.8.1:1b293b6', 'Dec 18 2019 23:11:46')
2022-01-30 16:09:11,952:INFO:machine: AMD64
2022-01-30 16:09:11,953:INFO:platform: Windows-10-10.0.22000-SP0
2022-01-30 16:09:11,961:WARNING:cannot find psutil installation. memory not traceable. Install psutil using pip to enable memory logging.
2022-01-30 16:09:11,961:INFO:Checking libraries
2022-01-30 16:09:11,962:INFO:pd==1.3.5
2022-01-30 16:09:11,962:INFO:numpy==1.22.1
2022-01-30 16:09:11,963:INFO:sklearn==0.23.2
2022-01-30 16:09:11,964:INFO:lightgbm==3.3.2
2022-01-30 16:09:11,966:WARNING:catboost not found
2022-01-30 16:09:11,967:WARNING:xgboost not found
2022-01-30 16:09:11,967:INFO:mlflow==1.23.1
2022-01-30 16:09:11,967:INFO:Checking Exceptions
2022-01-30 16:09:11,969:INFO:Declaring global variables
2022-01-30 16:09:11,971:INFO:USI: e4c3
2022-01-30 16:09:11,971:INFO:pycaret_globals: {'_all_metrics', 'imputation_classifier', 'imputation_regressor', 'fold_generator', 'USI', 'stratify_param', 'fold_groups_param_full', 'exp_name_log', 'iterative_imputation_iters_param', 'experiment__', '_available_plots', 'X_test', 'gpu_param', 'X', 'fold_shuffle_param', 'fold_param', 'X_train', 'y_train', '_internal_pipeline', 'seed', 'display_container', 'create_model_container', 'logging_param', 'n_jobs_param', 'fold_groups_param', '_ml_usecase', 'y', 'target_param', 'transform_target_param', 'master_model_container', 'data_before_preprocess', 'fix_imbalance_method_param', 'transform_target_method_param', 'html_param', 'prep_pipe', 'log_plots_param', '_all_models', 'pycaret_globals', 'y_test', '_all_models_internal', 'fix_imbalance_param', '_gpu_n_jobs_param'}
2022-01-30 16:09:11,972:INFO:Preparing display monitor
2022-01-30 16:09:11,972:INFO:Preparing display monitor
2022-01-30 16:09:12,016:INFO:Importing libraries
2022-01-30 16:09:12,017:INFO:Copying data for preprocessing
2022-01-30 16:28:17,487:INFO:PyCaret Supervised Module
2022-01-30 16:28:17,501:INFO:ML Usecase: classification
2022-01-30 16:28:17,501:INFO:version 2.3.6
2022-01-30 16:28:17,501:INFO:Initializing setup()
2022-01-30 16:28:17,502:INFO:setup(target=Label, ml_usecase=classification, available_plots={'parameter': 'Hyperparameters', 'auc': 'AUC', 'confusion_matrix': 'Confusion Matrix', 'threshold': 'Threshold', 'pr': 'Precision Recall', 'error': 'Prediction Error', 'class_report': 'Class Report', 'rfe': 'Feature Selection', 'learning': 'Learning Curve', 'manifold': 'Manifold Learning', 'calibration': 'Calibration Curve', 'vc': 'Validation Curve', 'dimension': 'Dimensions', 'feature': 'Feature Importance', 'feature_all': 'Feature Importance (All)', 'boundary': 'Decision Boundary', 'lift': 'Lift Chart', 'gain': 'Gain Chart', 'tree': 'Decision Tree', 'ks': 'KS Statistic Plot'}, train_size=0.7, test_data=None, preprocess=True, imputation_type=simple, iterative_imputation_iters=5, categorical_features=None, categorical_imputation=constant, categorical_iterative_imputer=lightgbm, ordinal_features=None, high_cardinality_features=None, high_cardinality_method=frequency, numeric_features=None, numeric_imputation=mean, numeric_iterative_imputer=lightgbm, date_features=None, ignore_features=None, normalize=False, normalize_method=zscore, transformation=False, transformation_method=yeo-johnson, handle_unknown_categorical=True, unknown_categorical_method=least_frequent, pca=False, pca_method=linear, pca_components=None, ignore_low_variance=False, combine_rare_levels=False, rare_level_threshold=0.1, bin_numeric_features=None, remove_outliers=False, outliers_threshold=0.05, remove_multicollinearity=False, multicollinearity_threshold=0.9, remove_perfect_collinearity=True, create_clusters=False, cluster_iter=20, polynomial_features=False, polynomial_degree=2, trigonometry_features=False, polynomial_threshold=0.1, group_features=None, group_names=None, feature_selection=False, feature_selection_threshold=0.8, feature_selection_method=classic, feature_interaction=False, feature_ratio=False, interaction_threshold=0.01, fix_imbalance=False, fix_imbalance_method=None, transform_target=False, transform_target_method=box-cox, data_split_shuffle=True, data_split_stratify=False, fold_strategy=stratifiedkfold, fold=10, fold_shuffle=False, fold_groups=None, n_jobs=-1, use_gpu=False, custom_pipeline=None, html=True, session_id=None, log_experiment=False, experiment_name=None, log_plots=False, log_profile=False, log_data=False, silent=False, verbose=True, profile=False, profile_kwargs=None, display=None)
2022-01-30 16:28:17,502:INFO:Checking environment
2022-01-30 16:28:17,502:INFO:python_version: 3.8.1
2022-01-30 16:28:17,503:INFO:python_build: ('tags/v3.8.1:1b293b6', 'Dec 18 2019 23:11:46')
2022-01-30 16:28:17,503:INFO:machine: AMD64
2022-01-30 16:28:17,503:INFO:platform: Windows-10-10.0.22000-SP0
2022-01-30 16:28:17,504:WARNING:cannot find psutil installation. memory not traceable. Install psutil using pip to enable memory logging.
2022-01-30 16:28:17,504:INFO:Checking libraries
2022-01-30 16:28:17,504:INFO:pd==1.3.5
2022-01-30 16:28:17,504:INFO:numpy==1.22.1
2022-01-30 16:28:17,505:INFO:sklearn==0.23.2
2022-01-30 16:28:17,505:INFO:lightgbm==3.3.2
2022-01-30 16:28:17,506:WARNING:catboost not found
2022-01-30 16:28:17,507:WARNING:xgboost not found
2022-01-30 16:28:18,719:INFO:mlflow==1.23.1
2022-01-30 16:28:18,720:INFO:Checking Exceptions
2022-01-30 16:28:18,720:INFO:Declaring global variables
2022-01-30 16:28:18,767:INFO:USI: fa7f
2022-01-30 16:28:18,767:INFO:pycaret_globals: {'stratify_param', 'n_jobs_param', 'y', 'prep_pipe', 'html_param', '_gpu_n_jobs_param', 'USI', 'data_before_preprocess', 'fix_imbalance_method_param', 'transform_target_method_param', 'fix_imbalance_param', '_all_models', 'pycaret_globals', 'experiment__', 'master_model_container', 'imputation_classifier', '_all_models_internal', 'fold_generator', '_available_plots', '_ml_usecase', '_internal_pipeline', 'log_plots_param', 'fold_shuffle_param', 'X_train', 'create_model_container', 'display_container', 'imputation_regressor', 'exp_name_log', 'fold_groups_param_full', 'y_test', 'fold_param', 'logging_param', 'y_train', 'fold_groups_param', 'X_test', 'transform_target_param', 'gpu_param', 'target_param', 'X', 'seed', '_all_metrics', 'iterative_imputation_iters_param'}
2022-01-30 16:28:18,767:INFO:Preparing display monitor
2022-01-30 16:28:18,767:INFO:Preparing display monitor
2022-01-30 16:28:18,801:INFO:Importing libraries
2022-01-30 16:28:18,802:INFO:Copying data for preprocessing
2022-01-30 16:29:05,767:INFO:Declaring preprocessing parameters
2022-01-30 16:29:42,793:INFO:Creating preprocessing pipeline
2022-01-30 16:31:37,455:INFO:Preprocessing pipeline created successfully
2022-01-30 16:31:37,846:ERROR:(Process Exit): setup has been interupted with user command 'quit'. setup must rerun.
2022-01-30 16:31:37,850:INFO:Creating global containers
2022-01-30 16:31:37,950:INFO:Internal pipeline: Pipeline(memory=None, steps=[('empty_step', 'passthrough')], verbose=False)
2022-02-08 11:13:59,665:INFO:PyCaret Supervised Module
2022-02-08 11:14:00,016:INFO:ML Usecase: classification
2022-02-08 11:14:00,017:INFO:version 2.3.6
2022-02-08 11:14:00,017:INFO:Initializing setup()
2022-02-08 11:14:00,017:INFO:setup(target=Label, ml_usecase=classification, available_plots={'parameter': 'Hyperparameters', 'auc': 'AUC', 'confusion_matrix': 'Confusion Matrix', 'threshold': 'Threshold', 'pr': 'Precision Recall', 'error': 'Prediction Error', 'class_report': 'Class Report', 'rfe': 'Feature Selection', 'learning': 'Learning Curve', 'manifold': 'Manifold Learning', 'calibration': 'Calibration Curve', 'vc': 'Validation Curve', 'dimension': 'Dimensions', 'feature': 'Feature Importance', 'feature_all': 'Feature Importance (All)', 'boundary': 'Decision Boundary', 'lift': 'Lift Chart', 'gain': 'Gain Chart', 'tree': 'Decision Tree', 'ks': 'KS Statistic Plot'}, train_size=0.7, test_data=None, preprocess=True, imputation_type=simple, iterative_imputation_iters=5, categorical_features=None, categorical_imputation=constant, categorical_iterative_imputer=lightgbm, ordinal_features=None, high_cardinality_features=None, high_cardinality_method=frequency, numeric_features=None, numeric_imputation=mean, numeric_iterative_imputer=lightgbm, date_features=None, ignore_features=None, normalize=False, normalize_method=zscore, transformation=False, transformation_method=yeo-johnson, handle_unknown_categorical=True, unknown_categorical_method=least_frequent, pca=False, pca_method=linear, pca_components=None, ignore_low_variance=False, combine_rare_levels=False, rare_level_threshold=0.1, bin_numeric_features=None, remove_outliers=False, outliers_threshold=0.05, remove_multicollinearity=False, multicollinearity_threshold=0.9, remove_perfect_collinearity=True, create_clusters=False, cluster_iter=20, polynomial_features=False, polynomial_degree=2, trigonometry_features=False, polynomial_threshold=0.1, group_features=None, group_names=None, feature_selection=False, feature_selection_threshold=0.8, feature_selection_method=classic, feature_interaction=False, feature_ratio=False, interaction_threshold=0.01, fix_imbalance=False, fix_imbalance_method=None, transform_target=False, transform_target_method=box-cox, data_split_shuffle=True, data_split_stratify=False, fold_strategy=stratifiedkfold, fold=10, fold_shuffle=False, fold_groups=None, n_jobs=-1, use_gpu=False, custom_pipeline=None, html=True, session_id=None, log_experiment=False, experiment_name=None, log_plots=False, log_profile=False, log_data=False, silent=False, verbose=True, profile=False, profile_kwargs=None, display=None)
2022-02-08 11:14:00,048:INFO:Checking environment
2022-02-08 11:14:00,048:INFO:python_version: 3.8.1
2022-02-08 11:14:00,048:INFO:python_build: ('tags/v3.8.1:1b293b6', 'Dec 18 2019 23:11:46')
2022-02-08 11:14:00,048:INFO:machine: AMD64
2022-02-08 11:14:00,048:INFO:platform: Windows-10-10.0.22000-SP0
2022-02-08 11:14:00,049:WARNING:cannot find psutil installation. memory not traceable. Install psutil using pip to enable memory logging.
2022-02-08 11:14:00,049:INFO:Checking libraries
2022-02-08 11:14:00,049:INFO:pd==1.3.5
2022-02-08 11:14:00,049:INFO:numpy==1.22.1
2022-02-08 11:14:00,049:INFO:sklearn==0.23.2
2022-02-08 11:14:00,050:INFO:lightgbm==3.3.2
2022-02-08 11:14:00,050:WARNING:catboost not found
2022-02-08 11:14:00,051:WARNING:xgboost not found
2022-02-08 11:14:01,465:INFO:mlflow==1.23.1
2022-02-08 11:14:01,465:INFO:Checking Exceptions
2022-02-08 11:14:01,470:INFO:Declaring global variables
2022-02-08 11:14:01,471:INFO:USI: def7
2022-02-08 11:14:01,471:INFO:pycaret_globals: {'_ml_usecase', 'fold_groups_param_full', 'pycaret_globals', 'exp_name_log', 'y_test', 'fold_shuffle_param', 'seed', 'fix_imbalance_param', '_available_plots', '_internal_pipeline', '_gpu_n_jobs_param', 'n_jobs_param', 'fold_groups_param', 'transform_target_method_param', 'USI', 'create_model_container', '_all_metrics', '_all_models', 'y', 'prep_pipe', 'logging_param', 'target_param', 'X_test', 'experiment__', 'X_train', 'fix_imbalance_method_param', 'fold_generator', 'data_before_preprocess', '_all_models_internal', 'iterative_imputation_iters_param', 'display_container', 'log_plots_param', 'imputation_regressor', 'imputation_classifier', 'transform_target_param', 'master_model_container', 'X', 'fold_param', 'html_param', 'y_train', 'stratify_param', 'gpu_param'}
2022-02-08 11:14:01,471:INFO:Preparing display monitor
2022-02-08 11:14:01,471:INFO:Preparing display monitor
2022-02-08 11:14:01,504:INFO:Importing libraries
2022-02-08 11:14:01,504:INFO:Copying data for preprocessing
2022-02-08 11:14:03,886:INFO:Declaring preprocessing parameters
2022-02-08 11:14:06,895:INFO:Creating preprocessing pipeline
2022-02-08 11:14:20,416:INFO:Preprocessing pipeline created successfully
2022-02-08 11:14:20,420:ERROR:(Process Exit): setup has been interupted with user command 'quit'. setup must rerun.
2022-02-08 11:14:20,421:INFO:Creating global containers
2022-02-08 11:14:20,443:INFO:Internal pipeline: Pipeline(memory=None, steps=[('empty_step', 'passthrough')], verbose=False)
